# JRE version: Java(TM) SE Runtime Environment (17.0.12+8) (build 17.0.12+8-LTS-286)
# Java VM: Java HotSpot(TM) 64-Bit Server VM (17.0.12+8-LTS-286, mixed mode, emulated-client, sharing, tiered, compressed oops, compressed class ptrs, g1 gc, windows-amd64)
GC Precious Log:
 CPUs: 8 total, 8 available
 Memory: 7959M
 Large Page Support: Disabled
 NUMA Support: Disabled
 Compressed Oops: Enabled (32-bit)
 Heap Region Size: 1M
 Heap Min Capacity: 8M
 Heap Initial Capacity: 126M
 Heap Max Capacity: 1990M
 Pre-touch: Disabled
 Parallel Workers: 8
 Concurrent Workers: 2
 Concurrent Refinement Workers: 8
 Periodic GC: Disabled
Heap:
 garbage-first heap   total 96256K, used 22731K [0x0000000083a00000, 0x0000000100000000)
  region size 1024K, 2 young (2048K), 2 survivors (2048K)
 Metaspace       used 35765K, committed 36096K, reserved 1114112K
  class space    used 4736K, committed 4928K, reserved 1048576K
GC Heap History (17 events):
Event: 1.359 GC heap before
{Heap before GC invocations=0 (full 0):
 garbage-first heap   total 129024K, used 25600K [0x0000000083a00000, 0x0000000100000000)
  region size 1024K, 23 young (23552K), 0 survivors (0K)
 Metaspace       used 6673K, committed 6848K, reserved 1114112K
  class space    used 829K, committed 896K, reserved 1048576K
}
Event: 1.368 GC heap after
{Heap after GC invocations=1 (full 0):
 garbage-first heap   total 129024K, used 10899K [0x0000000083a00000, 0x0000000100000000)
  region size 1024K, 3 young (3072K), 3 survivors (3072K)
 Metaspace       used 6673K, committed 6848K, reserved 1114112K
  class space    used 829K, committed 896K, reserved 1048576K
}
Event: 2.595 GC heap before
{Heap before GC invocations=1 (full 0):
 garbage-first heap   total 129024K, used 29331K [0x0000000083a00000, 0x0000000100000000)
  region size 1024K, 21 young (21504K), 3 survivors (3072K)
 Metaspace       used 10131K, committed 10368K, reserved 1114112K
  class space    used 1343K, committed 1472K, reserved 1048576K
}
Event: 2.602 GC heap after
{Heap after GC invocations=2 (full 0):
 garbage-first heap   total 129024K, used 12985K [0x0000000083a00000, 0x0000000100000000)
  region size 1024K, 2 young (2048K), 2 survivors (2048K)
 Metaspace       used 10131K, committed 10368K, reserved 1114112K
  class space    used 1343K, committed 1472K, reserved 1048576K
}
Event: 3.492 GC heap before
{Heap before GC invocations=2 (full 0):
 garbage-first heap   total 129024K, used 52921K [0x0000000083a00000, 0x0000000100000000)
  region size 1024K, 42 young (43008K), 2 survivors (2048K)
 Metaspace       used 17894K, committed 18176K, reserved 1114112K
  class space    used 2389K, committed 2496K, reserved 1048576K
}
Event: 3.500 GC heap after
{Heap after GC invocations=3 (full 0):
 garbage-first heap   total 129024K, used 15122K [0x0000000083a00000, 0x0000000100000000)
  region size 1024K, 5 young (5120K), 5 survivors (5120K)
 Metaspace       used 17894K, committed 18176K, reserved 1114112K
  class space    used 2389K, committed 2496K, reserved 1048576K
}
Event: 5.176 GC heap before
{Heap before GC invocations=3 (full 0):
 garbage-first heap   total 129024K, used 47890K [0x0000000083a00000, 0x0000000100000000)
  region size 1024K, 38 young (38912K), 5 survivors (5120K)
 Metaspace       used 21244K, committed 21504K, reserved 1114112K
  class space    used 2880K, committed 3008K, reserved 1048576K
}
Event: 5.184 GC heap after
{Heap after GC invocations=4 (full 0):
 garbage-first heap   total 129024K, used 16979K [0x0000000083a00000, 0x0000000100000000)
  region size 1024K, 6 young (6144K), 6 survivors (6144K)
 Metaspace       used 21244K, committed 21504K, reserved 1114112K
  class space    used 2880K, committed 3008K, reserved 1048576K
}
Event: 6.027 GC heap before
{Heap before GC invocations=5 (full 0):
 garbage-first heap   total 61440K, used 46675K [0x0000000083a00000, 0x0000000100000000)
  region size 1024K, 36 young (36864K), 6 survivors (6144K)
 Metaspace       used 27363K, committed 27648K, reserved 1114112K
  class space    used 3627K, committed 3776K, reserved 1048576K
}
Event: 6.040 GC heap after
{Heap after GC invocations=6 (full 0):
 garbage-first heap   total 61440K, used 18196K [0x0000000083a00000, 0x0000000100000000)
  region size 1024K, 4 young (4096K), 4 survivors (4096K)
 Metaspace       used 27363K, committed 27648K, reserved 1114112K
  class space    used 3627K, committed 3776K, reserved 1048576K
}
Event: 6.063 GC heap before
{Heap before GC invocations=6 (full 0):
 garbage-first heap   total 61440K, used 19220K [0x0000000083a00000, 0x0000000100000000)
  region size 1024K, 5 young (5120K), 4 survivors (4096K)
 Metaspace       used 27648K, committed 27968K, reserved 1114112K
  class space    used 3651K, committed 3840K, reserved 1048576K
}
Event: 6.071 GC heap after
{Heap after GC invocations=7 (full 0):
 garbage-first heap   total 61440K, used 18394K [0x0000000083a00000, 0x0000000100000000)
  region size 1024K, 1 young (1024K), 1 survivors (1024K)
 Metaspace       used 27648K, committed 27968K, reserved 1114112K
  class space    used 3651K, committed 3840K, reserved 1048576K
}
Event: 6.800 GC heap before
{Heap before GC invocations=7 (full 0):
 garbage-first heap   total 61440K, used 42970K [0x0000000083a00000, 0x0000000100000000)
  region size 1024K, 25 young (25600K), 1 survivors (1024K)
 Metaspace       used 32489K, committed 32768K, reserved 1114112K
  class space    used 4302K, committed 4416K, reserved 1048576K
}
Event: 6.804 GC heap after
{Heap after GC invocations=8 (full 0):
 garbage-first heap   total 61440K, used 19132K [0x0000000083a00000, 0x0000000100000000)
  region size 1024K, 2 young (2048K), 2 survivors (2048K)
 Metaspace       used 32489K, committed 32768K, reserved 1114112K
  class space    used 4302K, committed 4416K, reserved 1048576K
}
Event: 7.427 GC heap before
{Heap before GC invocations=8 (full 0):
 garbage-first heap   total 61440K, used 42684K [0x0000000083a00000, 0x0000000100000000)
  region size 1024K, 26 young (26624K), 2 survivors (2048K)
 Metaspace       used 34947K, committed 35264K, reserved 1114112K
  class space    used 4629K, committed 4800K, reserved 1048576K
}
Event: 7.441 GC heap after
{Heap after GC invocations=9 (full 0):
 garbage-first heap   total 61440K, used 21233K [0x0000000083a00000, 0x0000000100000000)
  region size 1024K, 4 young (4096K), 4 survivors (4096K)
 Metaspace       used 34947K, committed 35264K, reserved 1114112K
  class space    used 4629K, committed 4800K, reserved 1048576K
}
Event: 7.731 GC heap before
{Heap before GC invocations=9 (full 0):
 garbage-first heap   total 61440K, used 37617K [0x0000000083a00000, 0x0000000100000000)
  region size 1024K, 21 young (21504K), 4 survivors (4096K)
 Metaspace       used 35765K, committed 36096K, reserved 1114112K
  class space    used 4736K, committed 4928K, reserved 1048576K
}

