# JRE version: Java(TM) SE Runtime Environment (17.0.12+8) (build 17.0.12+8-LTS-286)
# Java VM: Java HotSpot(TM) 64-Bit Server VM (17.0.12+8-LTS-286, mixed mode, emulated-client, sharing, tiered, compressed oops, compressed class ptrs, g1 gc, windows-amd64)
GC Precious Log:
 CPUs: 8 total, 8 available
 Memory: 7959M
 Large Page Support: Disabled
 NUMA Support: Disabled
 Compressed Oops: Enabled (32-bit)
 Heap Region Size: 1M
 Heap Min Capacity: 8M
 Heap Initial Capacity: 126M
 Heap Max Capacity: 1990M
 Pre-touch: Disabled
 Parallel Workers: 8
 Concurrent Workers: 2
 Concurrent Refinement Workers: 8
 Periodic GC: Disabled
Heap:
 garbage-first heap   total 86016K, used 51378K [0x0000000083a00000, 0x0000000100000000)
  region size 1024K, 6 young (6144K), 4 survivors (4096K)
 Metaspace       used 73925K, committed 74496K, reserved 1114112K
  class space    used 9652K, committed 9920K, reserved 1048576K
GC Heap History (20 events):
Event: 13.552 GC heap before
{Heap before GC invocations=10 (full 0):
 garbage-first heap   total 71680K, used 53915K [0x0000000083a00000, 0x0000000100000000)
  region size 1024K, 30 young (30720K), 2 survivors (2048K)
 Metaspace       used 37466K, committed 37824K, reserved 1114112K
  class space    used 5014K, committed 5184K, reserved 1048576K
}
Event: 13.557 GC heap after
{Heap after GC invocations=11 (full 0):
 garbage-first heap   total 71680K, used 26410K [0x0000000083a00000, 0x0000000100000000)
  region size 1024K, 3 young (3072K), 3 survivors (3072K)
 Metaspace       used 37466K, committed 37824K, reserved 1114112K
  class space    used 5014K, committed 5184K, reserved 1048576K
}
Event: 14.039 GC heap before
{Heap before GC invocations=11 (full 0):
 garbage-first heap   total 71680K, used 54058K [0x0000000083a00000, 0x0000000100000000)
  region size 1024K, 31 young (31744K), 3 survivors (3072K)
 Metaspace       used 39656K, committed 40000K, reserved 1114112K
  class space    used 5320K, committed 5504K, reserved 1048576K
}
Event: 14.045 GC heap after
{Heap after GC invocations=12 (full 0):
 garbage-first heap   total 71680K, used 27767K [0x0000000083a00000, 0x0000000100000000)
  region size 1024K, 3 young (3072K), 3 survivors (3072K)
 Metaspace       used 39656K, committed 40000K, reserved 1114112K
  class space    used 5320K, committed 5504K, reserved 1048576K
}
Event: 14.726 GC heap before
{Heap before GC invocations=12 (full 0):
 garbage-first heap   total 71680K, used 56439K [0x0000000083a00000, 0x0000000100000000)
  region size 1024K, 31 young (31744K), 3 survivors (3072K)
 Metaspace       used 42740K, committed 43264K, reserved 1114112K
  class space    used 5833K, committed 6080K, reserved 1048576K
}
Event: 14.738 GC heap after
{Heap after GC invocations=13 (full 0):
 garbage-first heap   total 86016K, used 29362K [0x0000000083a00000, 0x0000000100000000)
  region size 1024K, 3 young (3072K), 3 survivors (3072K)
 Metaspace       used 42740K, committed 43264K, reserved 1114112K
  class space    used 5833K, committed 6080K, reserved 1048576K
}
Event: 15.646 GC heap before
{Heap before GC invocations=13 (full 0):
 garbage-first heap   total 86016K, used 67250K [0x0000000083a00000, 0x0000000100000000)
  region size 1024K, 40 young (40960K), 3 survivors (3072K)
 Metaspace       used 46722K, committed 47168K, reserved 1114112K
  class space    used 6496K, committed 6720K, reserved 1048576K
}
Event: 15.658 GC heap after
{Heap after GC invocations=14 (full 0):
 garbage-first heap   total 86016K, used 31250K [0x0000000083a00000, 0x0000000100000000)
  region size 1024K, 4 young (4096K), 4 survivors (4096K)
 Metaspace       used 46722K, committed 47168K, reserved 1114112K
  class space    used 6496K, committed 6720K, reserved 1048576K
}
Event: 16.816 GC heap before
{Heap before GC invocations=14 (full 0):
 garbage-first heap   total 86016K, used 69138K [0x0000000083a00000, 0x0000000100000000)
  region size 1024K, 40 young (40960K), 4 survivors (4096K)
 Metaspace       used 49291K, committed 49792K, reserved 1114112K
  class space    used 6854K, committed 7104K, reserved 1048576K
}
Event: 16.821 GC heap after
{Heap after GC invocations=15 (full 0):
 garbage-first heap   total 86016K, used 32655K [0x0000000083a00000, 0x0000000100000000)
  region size 1024K, 4 young (4096K), 4 survivors (4096K)
 Metaspace       used 49291K, committed 49792K, reserved 1114112K
  class space    used 6854K, committed 7104K, reserved 1048576K
}
Event: 17.973 GC heap before
{Heap before GC invocations=15 (full 0):
 garbage-first heap   total 86016K, used 68495K [0x0000000083a00000, 0x0000000100000000)
  region size 1024K, 39 young (39936K), 4 survivors (4096K)
 Metaspace       used 57862K, committed 58432K, reserved 1114112K
  class space    used 7933K, committed 8192K, reserved 1048576K
}
Event: 17.977 GC heap after
{Heap after GC invocations=16 (full 0):
 garbage-first heap   total 86016K, used 35414K [0x0000000083a00000, 0x0000000100000000)
  region size 1024K, 5 young (5120K), 5 survivors (5120K)
 Metaspace       used 57862K, committed 58432K, reserved 1114112K
  class space    used 7933K, committed 8192K, reserved 1048576K
}
Event: 18.183 GC heap before
{Heap before GC invocations=16 (full 0):
 garbage-first heap   total 86016K, used 43606K [0x0000000083a00000, 0x0000000100000000)
  region size 1024K, 14 young (14336K), 5 survivors (5120K)
 Metaspace       used 60086K, committed 60608K, reserved 1114112K
  class space    used 8187K, committed 8448K, reserved 1048576K
}
Event: 18.188 GC heap after
{Heap after GC invocations=17 (full 0):
 garbage-first heap   total 86016K, used 35607K [0x0000000083a00000, 0x0000000100000000)
  region size 1024K, 3 young (3072K), 3 survivors (3072K)
 Metaspace       used 60086K, committed 60608K, reserved 1114112K
  class space    used 8187K, committed 8448K, reserved 1048576K
}
Event: 18.630 GC heap before
{Heap before GC invocations=18 (full 0):
 garbage-first heap   total 86016K, used 68375K [0x0000000083a00000, 0x0000000100000000)
  region size 1024K, 36 young (36864K), 3 survivors (3072K)
 Metaspace       used 64129K, committed 64640K, reserved 1114112K
  class space    used 8515K, committed 8768K, reserved 1048576K
}
Event: 18.634 GC heap after
{Heap after GC invocations=19 (full 0):
 garbage-first heap   total 86016K, used 45231K [0x0000000083a00000, 0x0000000100000000)
  region size 1024K, 5 young (5120K), 5 survivors (5120K)
 Metaspace       used 64129K, committed 64640K, reserved 1114112K
  class space    used 8515K, committed 8768K, reserved 1048576K
}
Event: 19.043 GC heap before
{Heap before GC invocations=20 (full 0):
 garbage-first heap   total 86016K, used 68783K [0x0000000083a00000, 0x0000000100000000)
  region size 1024K, 29 young (29696K), 5 survivors (5120K)
 Metaspace       used 69508K, committed 70016K, reserved 1114112K
  class space    used 9063K, committed 9280K, reserved 1048576K
}
Event: 19.046 GC heap after
{Heap after GC invocations=21 (full 0):
 garbage-first heap   total 86016K, used 46386K [0x0000000083a00000, 0x0000000100000000)
  region size 1024K, 2 young (2048K), 2 survivors (2048K)
 Metaspace       used 69508K, committed 70016K, reserved 1114112K
  class space    used 9063K, committed 9280K, reserved 1048576K
}
Event: 19.538 GC heap before
{Heap before GC invocations=21 (full 0):
 garbage-first heap   total 86016K, used 68914K [0x0000000083a00000, 0x0000000100000000)
  region size 1024K, 25 young (25600K), 2 survivors (2048K)
 Metaspace       used 73925K, committed 74496K, reserved 1114112K
  class space    used 9652K, committed 9920K, reserved 1048576K
}
Event: 19.542 GC heap after
{Heap after GC invocations=22 (full 0):
 garbage-first heap   total 86016K, used 50354K [0x0000000083a00000, 0x0000000100000000)
  region size 1024K, 4 young (4096K), 4 survivors (4096K)
 Metaspace       used 73925K, committed 74496K, reserved 1114112K
  class space    used 9652K, committed 9920K, reserved 1048576K
}

