# JRE version: Java(TM) SE Runtime Environment (17.0.12+8) (build 17.0.12+8-LTS-286)
# Java VM: Java HotSpot(TM) 64-Bit Server VM (17.0.12+8-LTS-286, mixed mode, emulated-client, sharing, tiered, compressed oops, compressed class ptrs, g1 gc, windows-amd64)
GC Precious Log:
 CPUs: 8 total, 8 available
 Memory: 7959M
 Large Page Support: Disabled
 NUMA Support: Disabled
 Compressed Oops: Enabled (32-bit)
 Heap Region Size: 1M
 Heap Min Capacity: 8M
 Heap Initial Capacity: 126M
 Heap Max Capacity: 1990M
 Pre-touch: Disabled
 Parallel Workers: 8
 Concurrent Workers: 2
 Concurrent Refinement Workers: 8
 Periodic GC: Disabled
Heap:
 garbage-first heap   total 201728K, used 110110K [0x0000000083a00000, 0x0000000100000000)
  region size 1024K, 7 young (7168K), 7 survivors (7168K)
 Metaspace       used 66033K, committed 66560K, reserved 1114112K
  class space    used 8851K, committed 9088K, reserved 1048576K
GC Heap History (20 events):
Event: 16.172 GC heap after
{Heap after GC invocations=17 (full 0):
 garbage-first heap   total 89088K, used 33632K [0x0000000083a00000, 0x0000000100000000)
  region size 1024K, 5 young (5120K), 5 survivors (5120K)
 Metaspace       used 55550K, committed 56128K, reserved 1114112K
  class space    used 7548K, committed 7808K, reserved 1048576K
}
Event: 16.639 GC heap before
{Heap before GC invocations=17 (full 0):
 garbage-first heap   total 89088K, used 72544K [0x0000000083a00000, 0x0000000100000000)
  region size 1024K, 42 young (43008K), 5 survivors (5120K)
 Metaspace       used 57350K, committed 57856K, reserved 1114112K
  class space    used 7770K, committed 8000K, reserved 1048576K
}
Event: 16.649 GC heap after
{Heap after GC invocations=18 (full 0):
 garbage-first heap   total 89088K, used 39225K [0x0000000083a00000, 0x0000000100000000)
  region size 1024K, 6 young (6144K), 6 survivors (6144K)
 Metaspace       used 57350K, committed 57856K, reserved 1114112K
  class space    used 7770K, committed 8000K, reserved 1048576K
}
Event: 16.767 GC heap before
{Heap before GC invocations=18 (full 0):
 garbage-first heap   total 89088K, used 69945K [0x0000000083a00000, 0x0000000100000000)
  region size 1024K, 36 young (36864K), 6 survivors (6144K)
 Metaspace       used 57363K, committed 57856K, reserved 1114112K
  class space    used 7772K, committed 8000K, reserved 1048576K
}
Event: 16.778 GC heap after
{Heap after GC invocations=19 (full 0):
 garbage-first heap   total 89088K, used 46784K [0x0000000083a00000, 0x0000000100000000)
  region size 1024K, 5 young (5120K), 5 survivors (5120K)
 Metaspace       used 57363K, committed 57856K, reserved 1114112K
  class space    used 7772K, committed 8000K, reserved 1048576K
}
Event: 16.957 GC heap before
{Heap before GC invocations=19 (full 0):
 garbage-first heap   total 89088K, used 61120K [0x0000000083a00000, 0x0000000100000000)
  region size 1024K, 20 young (20480K), 5 survivors (5120K)
 Metaspace       used 57447K, committed 57984K, reserved 1114112K
  class space    used 7784K, committed 8064K, reserved 1048576K
}
Event: 16.964 GC heap after
{Heap after GC invocations=20 (full 0):
 garbage-first heap   total 89088K, used 51725K [0x0000000083a00000, 0x0000000100000000)
  region size 1024K, 4 young (4096K), 4 survivors (4096K)
 Metaspace       used 57447K, committed 57984K, reserved 1114112K
  class space    used 7784K, committed 8064K, reserved 1048576K
}
Event: 17.043 GC heap before
{Heap before GC invocations=20 (full 0):
 garbage-first heap   total 116736K, used 71181K [0x0000000083a00000, 0x0000000100000000)
  region size 1024K, 20 young (20480K), 4 survivors (4096K)
 Metaspace       used 57447K, committed 57984K, reserved 1114112K
  class space    used 7784K, committed 8064K, reserved 1048576K
}
Event: 17.049 GC heap after
{Heap after GC invocations=21 (full 0):
 garbage-first heap   total 116736K, used 56162K [0x0000000083a00000, 0x0000000100000000)
  region size 1024K, 3 young (3072K), 3 survivors (3072K)
 Metaspace       used 57447K, committed 57984K, reserved 1114112K
  class space    used 7784K, committed 8064K, reserved 1048576K
}
Event: 17.166 GC heap before
{Heap before GC invocations=22 (full 0):
 garbage-first heap   total 116736K, used 82786K [0x0000000083a00000, 0x0000000100000000)
  region size 1024K, 30 young (30720K), 3 survivors (3072K)
 Metaspace       used 57447K, committed 57984K, reserved 1114112K
  class space    used 7784K, committed 8064K, reserved 1048576K
}
Event: 17.172 GC heap after
{Heap after GC invocations=23 (full 0):
 garbage-first heap   total 116736K, used 61163K [0x0000000083a00000, 0x0000000100000000)
  region size 1024K, 4 young (4096K), 4 survivors (4096K)
 Metaspace       used 57447K, committed 57984K, reserved 1114112K
  class space    used 7784K, committed 8064K, reserved 1048576K
}
Event: 17.176 GC heap before
{Heap before GC invocations=23 (full 0):
 garbage-first heap   total 116736K, used 62187K [0x0000000083a00000, 0x0000000100000000)
  region size 1024K, 5 young (5120K), 4 survivors (4096K)
 Metaspace       used 57447K, committed 57984K, reserved 1114112K
  class space    used 7784K, committed 8064K, reserved 1048576K
}
Event: 17.182 GC heap after
{Heap after GC invocations=24 (full 0):
 garbage-first heap   total 201728K, used 61176K [0x0000000083a00000, 0x0000000100000000)
  region size 1024K, 1 young (1024K), 1 survivors (1024K)
 Metaspace       used 57447K, committed 57984K, reserved 1114112K
  class space    used 7784K, committed 8064K, reserved 1048576K
}
Event: 17.519 GC heap before
{Heap before GC invocations=24 (full 0):
 garbage-first heap   total 201728K, used 133880K [0x0000000083a00000, 0x0000000100000000)
  region size 1024K, 70 young (71680K), 1 survivors (1024K)
 Metaspace       used 57447K, committed 57984K, reserved 1114112K
  class space    used 7784K, committed 8064K, reserved 1048576K
}
Event: 17.530 GC heap after
{Heap after GC invocations=25 (full 0):
 garbage-first heap   total 201728K, used 77075K [0x0000000083a00000, 0x0000000100000000)
  region size 1024K, 9 young (9216K), 9 survivors (9216K)
 Metaspace       used 57447K, committed 57984K, reserved 1114112K
  class space    used 7784K, committed 8064K, reserved 1048576K
}
Event: 17.802 GC heap before
{Heap before GC invocations=25 (full 0):
 garbage-first heap   total 201728K, used 140563K [0x0000000083a00000, 0x0000000100000000)
  region size 1024K, 69 young (70656K), 9 survivors (9216K)
 Metaspace       used 57455K, committed 57984K, reserved 1114112K
  class space    used 7785K, committed 8064K, reserved 1048576K
}
Event: 17.816 GC heap after
{Heap after GC invocations=26 (full 0):
 garbage-first heap   total 201728K, used 91419K [0x0000000083a00000, 0x0000000100000000)
  region size 1024K, 9 young (9216K), 9 survivors (9216K)
 Metaspace       used 57455K, committed 57984K, reserved 1114112K
  class space    used 7785K, committed 8064K, reserved 1048576K
}
Event: 18.644 GC heap before
{Heap before GC invocations=26 (full 0):
 garbage-first heap   total 201728K, used 150811K [0x0000000083a00000, 0x0000000100000000)
  region size 1024K, 63 young (64512K), 9 survivors (9216K)
 Metaspace       used 60615K, committed 61248K, reserved 1114112K
  class space    used 8091K, committed 8384K, reserved 1048576K
}
Event: 18.662 GC heap after
{Heap after GC invocations=27 (full 0):
 garbage-first heap   total 201728K, used 102827K [0x0000000083a00000, 0x0000000100000000)
  region size 1024K, 8 young (8192K), 8 survivors (8192K)
 Metaspace       used 60615K, committed 61248K, reserved 1114112K
  class space    used 8091K, committed 8384K, reserved 1048576K
}
Event: 21.638 GC heap before
{Heap before GC invocations=27 (full 0):
 garbage-first heap   total 201728K, used 149931K [0x0000000083a00000, 0x0000000100000000)
  region size 1024K, 55 young (56320K), 8 survivors (8192K)
 Metaspace       used 66033K, committed 66560K, reserved 1114112K
  class space    used 8851K, committed 9088K, reserved 1048576K
}

