# JRE version: Java(TM) SE Runtime Environment (17.0.12+8) (build 17.0.12+8-LTS-286)
# Java VM: Java HotSpot(TM) 64-Bit Server VM (17.0.12+8-LTS-286, mixed mode, sharing, tiered, compressed oops, compressed class ptrs, g1 gc, windows-amd64)
GC Precious Log:
 CPUs: 8 total, 8 available
 Memory: 7959M
 Large Page Support: Disabled
 NUMA Support: Disabled
 Compressed Oops: Enabled (32-bit)
 Heap Region Size: 1M
 Heap Min Capacity: 8M
 Heap Initial Capacity: 126M
 Heap Max Capacity: 1990M
 Pre-touch: Disabled
 Parallel Workers: 8
 Concurrent Workers: 2
 Concurrent Refinement Workers: 8
 Periodic GC: Disabled
Heap:
 garbage-first heap   total 273408K, used 100662K [0x0000000083a00000, 0x0000000100000000)
  region size 1024K, 3 young (3072K), 3 survivors (3072K)
 Metaspace       used 48382K, committed 48832K, reserved 1114112K
  class space    used 5377K, committed 5568K, reserved 1048576K
GC Heap History (20 events):
Event: 36.131 GC heap after
{Heap after GC invocations=24 (full 0):
 garbage-first heap   total 178176K, used 74417K [0x0000000083a00000, 0x0000000100000000)
  region size 1024K, 1 young (1024K), 1 survivors (1024K)
 Metaspace       used 41801K, committed 42240K, reserved 1114112K
  class space    used 4785K, committed 4992K, reserved 1048576K
}
Event: 36.386 GC heap before
{Heap before GC invocations=24 (full 0):
 garbage-first heap   total 178176K, used 82609K [0x0000000083a00000, 0x0000000100000000)
  region size 1024K, 10 young (10240K), 1 survivors (1024K)
 Metaspace       used 41955K, committed 42368K, reserved 1114112K
  class space    used 4789K, committed 4992K, reserved 1048576K
}
Event: 36.388 GC heap after
{Heap after GC invocations=25 (full 0):
 garbage-first heap   total 273408K, used 75077K [0x0000000083a00000, 0x0000000100000000)
  region size 1024K, 2 young (2048K), 2 survivors (2048K)
 Metaspace       used 41955K, committed 42368K, reserved 1114112K
  class space    used 4789K, committed 4992K, reserved 1048576K
}
Event: 39.703 GC heap before
{Heap before GC invocations=26 (full 0):
 garbage-first heap   total 270336K, used 219461K [0x0000000083a00000, 0x0000000100000000)
  region size 1024K, 119 young (121856K), 2 survivors (2048K)
 Metaspace       used 45253K, committed 45760K, reserved 1114112K
  class space    used 5148K, committed 5376K, reserved 1048576K
}
Event: 39.709 GC heap after
{Heap after GC invocations=27 (full 0):
 garbage-first heap   total 270336K, used 88781K [0x0000000083a00000, 0x0000000100000000)
  region size 1024K, 14 young (14336K), 14 survivors (14336K)
 Metaspace       used 45253K, committed 45760K, reserved 1114112K
  class space    used 5148K, committed 5376K, reserved 1048576K
}
Event: 39.751 GC heap before
{Heap before GC invocations=27 (full 0):
 garbage-first heap   total 270336K, used 89805K [0x0000000083a00000, 0x0000000100000000)
  region size 1024K, 15 young (15360K), 14 survivors (14336K)
 Metaspace       used 45257K, committed 45760K, reserved 1114112K
  class space    used 5148K, committed 5376K, reserved 1048576K
}
Event: 39.757 GC heap after
{Heap after GC invocations=28 (full 0):
 garbage-first heap   total 270336K, used 74940K [0x0000000083a00000, 0x0000000100000000)
  region size 1024K, 2 young (2048K), 2 survivors (2048K)
 Metaspace       used 45257K, committed 45760K, reserved 1114112K
  class space    used 5148K, committed 5376K, reserved 1048576K
}
Event: 41.051 GC heap before
{Heap before GC invocations=28 (full 0):
 garbage-first heap   total 270336K, used 186556K [0x0000000083a00000, 0x0000000100000000)
  region size 1024K, 112 young (114688K), 2 survivors (2048K)
 Metaspace       used 47190K, committed 47616K, reserved 1114112K
  class space    used 5346K, committed 5568K, reserved 1048576K
}
Event: 41.058 GC heap after
{Heap after GC invocations=29 (full 0):
 garbage-first heap   total 270336K, used 84313K [0x0000000083a00000, 0x0000000100000000)
  region size 1024K, 11 young (11264K), 11 survivors (11264K)
 Metaspace       used 47190K, committed 47616K, reserved 1114112K
  class space    used 5346K, committed 5568K, reserved 1048576K
}
Event: 41.409 GC heap before
{Heap before GC invocations=30 (full 0):
 garbage-first heap   total 270336K, used 191833K [0x0000000083a00000, 0x0000000100000000)
  region size 1024K, 118 young (120832K), 11 survivors (11264K)
 Metaspace       used 45940K, committed 46464K, reserved 1114112K
  class space    used 5185K, committed 5440K, reserved 1048576K
}
Event: 41.420 GC heap after
{Heap after GC invocations=31 (full 0):
 garbage-first heap   total 270336K, used 85945K [0x0000000083a00000, 0x0000000100000000)
  region size 1024K, 5 young (5120K), 5 survivors (5120K)
 Metaspace       used 45940K, committed 46464K, reserved 1114112K
  class space    used 5185K, committed 5440K, reserved 1048576K
}
Event: 41.449 GC heap before
{Heap before GC invocations=31 (full 0):
 garbage-first heap   total 270336K, used 94137K [0x0000000083a00000, 0x0000000100000000)
  region size 1024K, 13 young (13312K), 5 survivors (5120K)
 Metaspace       used 45945K, committed 46464K, reserved 1114112K
  class space    used 5185K, committed 5440K, reserved 1048576K
}
Event: 41.453 GC heap after
{Heap after GC invocations=32 (full 0):
 garbage-first heap   total 270336K, used 78998K [0x0000000083a00000, 0x0000000100000000)
  region size 1024K, 2 young (2048K), 2 survivors (2048K)
 Metaspace       used 45945K, committed 46464K, reserved 1114112K
  class space    used 5185K, committed 5440K, reserved 1048576K
}
Event: 42.335 GC heap before
{Heap before GC invocations=32 (full 0):
 garbage-first heap   total 270336K, used 199830K [0x0000000083a00000, 0x0000000100000000)
  region size 1024K, 120 young (122880K), 2 survivors (2048K)
 Metaspace       used 46705K, committed 47168K, reserved 1114112K
  class space    used 5194K, committed 5440K, reserved 1048576K
}
Event: 42.339 GC heap after
{Heap after GC invocations=33 (full 0):
 garbage-first heap   total 270336K, used 79527K [0x0000000083a00000, 0x0000000100000000)
  region size 1024K, 2 young (2048K), 2 survivors (2048K)
 Metaspace       used 46705K, committed 47168K, reserved 1114112K
  class space    used 5194K, committed 5440K, reserved 1048576K
}
Event: 44.698 GC heap before
{Heap before GC invocations=34 (full 0):
 garbage-first heap   total 270336K, used 240295K [0x0000000083a00000, 0x0000000100000000)
  region size 1024K, 130 young (133120K), 2 survivors (2048K)
 Metaspace       used 46383K, committed 46976K, reserved 1114112K
  class space    used 5133K, committed 5440K, reserved 1048576K
}
Event: 44.710 GC heap after
{Heap after GC invocations=35 (full 0):
 garbage-first heap   total 270336K, used 111380K [0x0000000083a00000, 0x0000000100000000)
  region size 1024K, 17 young (17408K), 17 survivors (17408K)
 Metaspace       used 46383K, committed 46976K, reserved 1114112K
  class space    used 5133K, committed 5440K, reserved 1048576K
}
Event: 44.719 GC heap before
{Heap before GC invocations=35 (full 0):
 garbage-first heap   total 270336K, used 112404K [0x0000000083a00000, 0x0000000100000000)
  region size 1024K, 18 young (18432K), 17 survivors (17408K)
 Metaspace       used 46384K, committed 46976K, reserved 1114112K
  class space    used 5133K, committed 5440K, reserved 1048576K
}
Event: 44.728 GC heap after
{Heap after GC invocations=36 (full 0):
 garbage-first heap   total 270336K, used 99381K [0x0000000083a00000, 0x0000000100000000)
  region size 1024K, 2 young (2048K), 2 survivors (2048K)
 Metaspace       used 46384K, committed 46976K, reserved 1114112K
  class space    used 5133K, committed 5440K, reserved 1048576K
}
Event: 45.795 GC heap before
{Heap before GC invocations=36 (full 0):
 garbage-first heap   total 270336K, used 158773K [0x0000000083a00000, 0x0000000100000000)
  region size 1024K, 62 young (63488K), 2 survivors (2048K)
 Metaspace       used 48382K, committed 48832K, reserved 1114112K
  class space    used 5377K, committed 5568K, reserved 1048576K
}

