# JRE version: Java(TM) SE Runtime Environment (17.0.12+8) (build 17.0.12+8-LTS-286)
# Java VM: Java HotSpot(TM) 64-Bit Server VM (17.0.12+8-LTS-286, mixed mode, emulated-client, sharing, tiered, compressed oops, compressed class ptrs, g1 gc, windows-amd64)
GC Precious Log:
 CPUs: 8 total, 8 available
 Memory: 7959M
 Large Page Support: Disabled
 NUMA Support: Disabled
 Compressed Oops: Enabled (32-bit)
 Heap Region Size: 1M
 Heap Min Capacity: 8M
 Heap Initial Capacity: 126M
 Heap Max Capacity: 1990M
 Pre-touch: Disabled
 Parallel Workers: 8
 Concurrent Workers: 2
 Concurrent Refinement Workers: 8
 Periodic GC: Disabled
Heap:
 garbage-first heap   total 215040K, used 159368K [0x0000000083a00000, 0x0000000100000000)
  region size 1024K, 59 young (60416K), 8 survivors (8192K)
 Metaspace       used 76809K, committed 77504K, reserved 1179648K
  class space    used 10538K, committed 10880K, reserved 1048576K
GC Heap History (20 events):
Event: 8.583 GC heap before
{Heap before GC invocations=17 (full 0):
 garbage-first heap   total 89088K, used 68813K [0x0000000083a00000, 0x0000000100000000)
  region size 1024K, 40 young (40960K), 6 survivors (6144K)
 Metaspace       used 66424K, committed 66944K, reserved 1114112K
  class space    used 9208K, committed 9472K, reserved 1048576K
}
Event: 8.589 GC heap after
{Heap after GC invocations=18 (full 0):
 garbage-first heap   total 89088K, used 39996K [0x0000000083a00000, 0x0000000100000000)
  region size 1024K, 5 young (5120K), 5 survivors (5120K)
 Metaspace       used 66424K, committed 66944K, reserved 1114112K
  class space    used 9208K, committed 9472K, reserved 1048576K
}
Event: 8.601 GC heap before
{Heap before GC invocations=18 (full 0):
 garbage-first heap   total 89088K, used 41020K [0x0000000083a00000, 0x0000000100000000)
  region size 1024K, 6 young (6144K), 5 survivors (5120K)
 Metaspace       used 66488K, committed 67008K, reserved 1114112K
  class space    used 9223K, committed 9472K, reserved 1048576K
}
Event: 8.606 GC heap after
{Heap after GC invocations=19 (full 0):
 garbage-first heap   total 107520K, used 40960K [0x0000000083a00000, 0x0000000100000000)
  region size 1024K, 1 young (1024K), 1 survivors (1024K)
 Metaspace       used 66488K, committed 67008K, reserved 1114112K
  class space    used 9223K, committed 9472K, reserved 1048576K
}
Event: 8.873 GC heap before
{Heap before GC invocations=19 (full 0):
 garbage-first heap   total 107520K, used 84992K [0x0000000083a00000, 0x0000000100000000)
  region size 1024K, 43 young (44032K), 1 survivors (1024K)
 Metaspace       used 68394K, committed 68992K, reserved 1114112K
  class space    used 9466K, committed 9728K, reserved 1048576K
}
Event: 8.878 GC heap after
{Heap after GC invocations=20 (full 0):
 garbage-first heap   total 107520K, used 50162K [0x0000000083a00000, 0x0000000100000000)
  region size 1024K, 6 young (6144K), 6 survivors (6144K)
 Metaspace       used 68394K, committed 68992K, reserved 1114112K
  class space    used 9466K, committed 9728K, reserved 1048576K
}
Event: 8.940 GC heap before
{Heap before GC invocations=20 (full 0):
 garbage-first heap   total 107520K, used 82930K [0x0000000083a00000, 0x0000000100000000)
  region size 1024K, 38 young (38912K), 6 survivors (6144K)
 Metaspace       used 68454K, committed 68992K, reserved 1114112K
  class space    used 9474K, committed 9728K, reserved 1048576K
}
Event: 8.948 GC heap after
{Heap after GC invocations=21 (full 0):
 garbage-first heap   total 107520K, used 57700K [0x0000000083a00000, 0x0000000100000000)
  region size 1024K, 5 young (5120K), 5 survivors (5120K)
 Metaspace       used 68454K, committed 68992K, reserved 1114112K
  class space    used 9474K, committed 9728K, reserved 1048576K
}
Event: 9.003 GC heap before
{Heap before GC invocations=21 (full 0):
 garbage-first heap   total 107520K, used 79204K [0x0000000083a00000, 0x0000000100000000)
  region size 1024K, 27 young (27648K), 5 survivors (5120K)
 Metaspace       used 68505K, committed 69056K, reserved 1114112K
  class space    used 9482K, committed 9728K, reserved 1048576K
}
Event: 9.007 GC heap after
{Heap after GC invocations=22 (full 0):
 garbage-first heap   total 107520K, used 62504K [0x0000000083a00000, 0x0000000100000000)
  region size 1024K, 4 young (4096K), 4 survivors (4096K)
 Metaspace       used 68505K, committed 69056K, reserved 1114112K
  class space    used 9482K, committed 9728K, reserved 1048576K
}
Event: 9.042 GC heap before
{Heap before GC invocations=22 (full 0):
 garbage-first heap   total 107520K, used 86056K [0x0000000083a00000, 0x0000000100000000)
  region size 1024K, 24 young (24576K), 4 survivors (4096K)
 Metaspace       used 68505K, committed 69056K, reserved 1114112K
  class space    used 9482K, committed 9728K, reserved 1048576K
}
Event: 9.047 GC heap after
{Heap after GC invocations=23 (full 0):
 garbage-first heap   total 215040K, used 68172K [0x0000000083a00000, 0x0000000100000000)
  region size 1024K, 3 young (3072K), 3 survivors (3072K)
 Metaspace       used 68505K, committed 69056K, reserved 1114112K
  class space    used 9482K, committed 9728K, reserved 1048576K
}
Event: 9.193 GC heap before
{Heap before GC invocations=24 (full 0):
 garbage-first heap   total 215040K, used 155212K [0x0000000083a00000, 0x0000000100000000)
  region size 1024K, 87 young (89088K), 3 survivors (3072K)
 Metaspace       used 68505K, committed 69056K, reserved 1114112K
  class space    used 9482K, committed 9728K, reserved 1048576K
}
Event: 9.207 GC heap after
{Heap after GC invocations=25 (full 0):
 garbage-first heap   total 215040K, used 86399K [0x0000000083a00000, 0x0000000100000000)
  region size 1024K, 11 young (11264K), 11 survivors (11264K)
 Metaspace       used 68505K, committed 69056K, reserved 1114112K
  class space    used 9482K, committed 9728K, reserved 1048576K
}
Event: 9.209 GC heap before
{Heap before GC invocations=25 (full 0):
 garbage-first heap   total 215040K, used 87423K [0x0000000083a00000, 0x0000000100000000)
  region size 1024K, 12 young (12288K), 11 survivors (11264K)
 Metaspace       used 68505K, committed 69056K, reserved 1114112K
  class space    used 9482K, committed 9728K, reserved 1048576K
}
Event: 9.214 GC heap after
{Heap after GC invocations=26 (full 0):
 garbage-first heap   total 215040K, used 87181K [0x0000000083a00000, 0x0000000100000000)
  region size 1024K, 2 young (2048K), 2 survivors (2048K)
 Metaspace       used 68505K, committed 69056K, reserved 1114112K
  class space    used 9482K, committed 9728K, reserved 1048576K
}
Event: 9.316 GC heap before
{Heap before GC invocations=26 (full 0):
 garbage-first heap   total 215040K, used 155789K [0x0000000083a00000, 0x0000000100000000)
  region size 1024K, 67 young (68608K), 2 survivors (2048K)
 Metaspace       used 68514K, committed 69056K, reserved 1114112K
  class space    used 9484K, committed 9728K, reserved 1048576K
}
Event: 9.324 GC heap after
{Heap after GC invocations=27 (full 0):
 garbage-first heap   total 215040K, used 100352K [0x0000000083a00000, 0x0000000100000000)
  region size 1024K, 9 young (9216K), 9 survivors (9216K)
 Metaspace       used 68514K, committed 69056K, reserved 1114112K
  class space    used 9484K, committed 9728K, reserved 1048576K
}
Event: 17.823 GC heap before
{Heap before GC invocations=27 (full 0):
 garbage-first heap   total 215040K, used 162816K [0x0000000083a00000, 0x0000000100000000)
  region size 1024K, 70 young (71680K), 9 survivors (9216K)
 Metaspace       used 71499K, committed 72064K, reserved 1114112K
  class space    used 9873K, committed 10176K, reserved 1048576K
}
Event: 17.839 GC heap after
{Heap after GC invocations=28 (full 0):
 garbage-first heap   total 215040K, used 109192K [0x0000000083a00000, 0x0000000100000000)
  region size 1024K, 8 young (8192K), 8 survivors (8192K)
 Metaspace       used 71499K, committed 72064K, reserved 1114112K
  class space    used 9873K, committed 10176K, reserved 1048576K
}

