# JRE version: Java(TM) SE Runtime Environment (17.0.12+8) (build 17.0.12+8-LTS-286)
# Java VM: Java HotSpot(TM) 64-Bit Server VM (17.0.12+8-LTS-286, mixed mode, emulated-client, sharing, tiered, compressed oops, compressed class ptrs, g1 gc, windows-amd64)
GC Precious Log:
 CPUs: 8 total, 8 available
 Memory: 7959M
 Large Page Support: Disabled
 NUMA Support: Disabled
 Compressed Oops: Enabled (32-bit)
 Heap Region Size: 1M
 Heap Min Capacity: 8M
 Heap Initial Capacity: 126M
 Heap Max Capacity: 1990M
 Pre-touch: Disabled
 Parallel Workers: 8
 Concurrent Workers: 2
 Concurrent Refinement Workers: 8
 Periodic GC: Disabled
Heap:
 garbage-first heap   total 133120K, used 70739K [0x0000000083a00000, 0x0000000100000000)
  region size 1024K, 5 young (5120K), 5 survivors (5120K)
 Metaspace       used 56971K, committed 57536K, reserved 1114112K
  class space    used 7796K, committed 8064K, reserved 1048576K
GC Heap History (20 events):
Event: 22.450 GC heap after
{Heap after GC invocations=15 (full 0):
 garbage-first heap   total 81920K, used 30533K [0x0000000083a00000, 0x0000000100000000)
  region size 1024K, 4 young (4096K), 4 survivors (4096K)
 Metaspace       used 51558K, committed 52096K, reserved 1114112K
  class space    used 7070K, committed 7360K, reserved 1048576K
}
Event: 23.791 GC heap before
{Heap before GC invocations=15 (full 0):
 garbage-first heap   total 81920K, used 65349K [0x0000000083a00000, 0x0000000100000000)
  region size 1024K, 38 young (38912K), 4 survivors (4096K)
 Metaspace       used 53662K, committed 54272K, reserved 1114112K
  class space    used 7333K, committed 7616K, reserved 1048576K
}
Event: 23.799 GC heap after
{Heap after GC invocations=16 (full 0):
 garbage-first heap   total 81920K, used 32901K [0x0000000083a00000, 0x0000000100000000)
  region size 1024K, 5 young (5120K), 5 survivors (5120K)
 Metaspace       used 53662K, committed 54272K, reserved 1114112K
  class space    used 7333K, committed 7616K, reserved 1048576K
}
Event: 25.103 GC heap before
{Heap before GC invocations=16 (full 0):
 garbage-first heap   total 81920K, used 64645K [0x0000000083a00000, 0x0000000100000000)
  region size 1024K, 36 young (36864K), 5 survivors (5120K)
 Metaspace       used 56726K, committed 57216K, reserved 1114112K
  class space    used 7770K, committed 8000K, reserved 1048576K
}
Event: 25.108 GC heap after
{Heap after GC invocations=17 (full 0):
 garbage-first heap   total 81920K, used 35213K [0x0000000083a00000, 0x0000000100000000)
  region size 1024K, 5 young (5120K), 5 survivors (5120K)
 Metaspace       used 56726K, committed 57216K, reserved 1114112K
  class space    used 7770K, committed 8000K, reserved 1048576K
}
Event: 25.272 GC heap before
{Heap before GC invocations=17 (full 0):
 garbage-first heap   total 81920K, used 67981K [0x0000000083a00000, 0x0000000100000000)
  region size 1024K, 35 young (35840K), 5 survivors (5120K)
 Metaspace       used 56876K, committed 57344K, reserved 1114112K
  class space    used 7782K, committed 8000K, reserved 1048576K
}
Event: 25.282 GC heap after
{Heap after GC invocations=18 (full 0):
 garbage-first heap   total 81920K, used 41342K [0x0000000083a00000, 0x0000000100000000)
  region size 1024K, 5 young (5120K), 5 survivors (5120K)
 Metaspace       used 56876K, committed 57344K, reserved 1114112K
  class space    used 7782K, committed 8000K, reserved 1048576K
}
Event: 25.410 GC heap before
{Heap before GC invocations=18 (full 0):
 garbage-first heap   total 81920K, used 63870K [0x0000000083a00000, 0x0000000100000000)
  region size 1024K, 28 young (28672K), 5 survivors (5120K)
 Metaspace       used 56888K, committed 57344K, reserved 1114112K
  class space    used 7784K, committed 8000K, reserved 1048576K
}
Event: 25.425 GC heap after
{Heap after GC invocations=19 (full 0):
 garbage-first heap   total 81920K, used 48065K [0x0000000083a00000, 0x0000000100000000)
  region size 1024K, 4 young (4096K), 4 survivors (4096K)
 Metaspace       used 56888K, committed 57344K, reserved 1114112K
  class space    used 7784K, committed 8000K, reserved 1048576K
}
Event: 25.604 GC heap before
{Heap before GC invocations=19 (full 0):
 garbage-first heap   total 81920K, used 60353K [0x0000000083a00000, 0x0000000100000000)
  region size 1024K, 17 young (17408K), 4 survivors (4096K)
 Metaspace       used 56971K, committed 57536K, reserved 1114112K
  class space    used 7796K, committed 8064K, reserved 1048576K
}
Event: 25.614 GC heap after
{Heap after GC invocations=20 (full 0):
 garbage-first heap   total 120832K, used 52031K [0x0000000083a00000, 0x0000000100000000)
  region size 1024K, 3 young (3072K), 3 survivors (3072K)
 Metaspace       used 56971K, committed 57536K, reserved 1114112K
  class space    used 7796K, committed 8064K, reserved 1048576K
}
Event: 25.766 GC heap before
{Heap before GC invocations=20 (full 0):
 garbage-first heap   total 120832K, used 86847K [0x0000000083a00000, 0x0000000100000000)
  region size 1024K, 35 young (35840K), 3 survivors (3072K)
 Metaspace       used 56971K, committed 57536K, reserved 1114112K
  class space    used 7796K, committed 8064K, reserved 1048576K
}
Event: 25.773 GC heap after
{Heap after GC invocations=21 (full 0):
 garbage-first heap   total 120832K, used 60176K [0x0000000083a00000, 0x0000000100000000)
  region size 1024K, 5 young (5120K), 5 survivors (5120K)
 Metaspace       used 56971K, committed 57536K, reserved 1114112K
  class space    used 7796K, committed 8064K, reserved 1048576K
}
Event: 25.927 GC heap before
{Heap before GC invocations=21 (full 0):
 garbage-first heap   total 120832K, used 87824K [0x0000000083a00000, 0x0000000100000000)
  region size 1024K, 33 young (33792K), 5 survivors (5120K)
 Metaspace       used 56971K, committed 57536K, reserved 1114112K
  class space    used 7796K, committed 8064K, reserved 1048576K
}
Event: 25.941 GC heap after
{Heap after GC invocations=22 (full 0):
 garbage-first heap   total 120832K, used 67408K [0x0000000083a00000, 0x0000000100000000)
  region size 1024K, 5 young (5120K), 5 survivors (5120K)
 Metaspace       used 56971K, committed 57536K, reserved 1114112K
  class space    used 7796K, committed 8064K, reserved 1048576K
}
Event: 26.105 GC heap before
{Heap before GC invocations=23 (full 0):
 garbage-first heap   total 133120K, used 91984K [0x0000000083a00000, 0x0000000100000000)
  region size 1024K, 28 young (28672K), 5 survivors (5120K)
 Metaspace       used 56971K, committed 57536K, reserved 1114112K
  class space    used 7796K, committed 8064K, reserved 1048576K
}
Event: 26.112 GC heap after
{Heap after GC invocations=24 (full 0):
 garbage-first heap   total 133120K, used 72705K [0x0000000083a00000, 0x0000000100000000)
  region size 1024K, 4 young (4096K), 4 survivors (4096K)
 Metaspace       used 56971K, committed 57536K, reserved 1114112K
  class space    used 7796K, committed 8064K, reserved 1048576K
}
Event: 26.118 GC heap before
{Heap before GC invocations=24 (full 0):
 garbage-first heap   total 133120K, used 74753K [0x0000000083a00000, 0x0000000100000000)
  region size 1024K, 6 young (6144K), 4 survivors (4096K)
 Metaspace       used 56971K, committed 57536K, reserved 1114112K
  class space    used 7796K, committed 8064K, reserved 1048576K
}
Event: 26.122 GC heap after
{Heap after GC invocations=25 (full 0):
 garbage-first heap   total 133120K, used 60788K [0x0000000083a00000, 0x0000000100000000)
  region size 1024K, 1 young (1024K), 1 survivors (1024K)
 Metaspace       used 56971K, committed 57536K, reserved 1114112K
  class space    used 7796K, committed 8064K, reserved 1048576K
}
Event: 26.225 GC heap before
{Heap before GC invocations=25 (full 0):
 garbage-first heap   total 133120K, used 95604K [0x0000000083a00000, 0x0000000100000000)
  region size 1024K, 36 young (36864K), 1 survivors (1024K)
 Metaspace       used 56971K, committed 57536K, reserved 1114112K
  class space    used 7796K, committed 8064K, reserved 1048576K
}

