# JRE version: Java(TM) SE Runtime Environment (17.0.12+8) (build 17.0.12+8-LTS-286)
# Java VM: Java HotSpot(TM) 64-Bit Server VM (17.0.12+8-LTS-286, mixed mode, emulated-client, sharing, tiered, compressed oops, compressed class ptrs, g1 gc, windows-amd64)
GC Precious Log:
 CPUs: 8 total, 8 available
 Memory: 7959M
 Large Page Support: Disabled
 NUMA Support: Disabled
 Compressed Oops: Enabled (32-bit)
 Heap Region Size: 1M
 Heap Min Capacity: 8M
 Heap Initial Capacity: 126M
 Heap Max Capacity: 1990M
 Pre-touch: Disabled
 Parallel Workers: 8
 Concurrent Workers: 2
 Concurrent Refinement Workers: 8
 Periodic GC: Disabled
Heap:
 garbage-first heap   total 167936K, used 71195K [0x0000000083a00000, 0x0000000100000000)
  region size 1024K, 1 young (1024K), 1 survivors (1024K)
 Metaspace       used 56606K, committed 57088K, reserved 1114112K
  class space    used 7764K, committed 8000K, reserved 1048576K
GC Heap History (20 events):
Event: 9.560 GC heap after
{Heap after GC invocations=16 (full 0):
 garbage-first heap   total 98304K, used 37010K [0x0000000083a00000, 0x0000000100000000)
  region size 1024K, 7 young (7168K), 7 survivors (7168K)
 Metaspace       used 56486K, committed 57024K, reserved 1114112K
  class space    used 7745K, committed 8000K, reserved 1048576K
}
Event: 9.652 GC heap before
{Heap before GC invocations=16 (full 0):
 garbage-first heap   total 98304K, used 77970K [0x0000000083a00000, 0x0000000100000000)
  region size 1024K, 46 young (47104K), 7 survivors (7168K)
 Metaspace       used 56514K, committed 57024K, reserved 1114112K
  class space    used 7750K, committed 8000K, reserved 1048576K
}
Event: 9.660 GC heap after
{Heap after GC invocations=17 (full 0):
 garbage-first heap   total 98304K, used 44248K [0x0000000083a00000, 0x0000000100000000)
  region size 1024K, 6 young (6144K), 6 survivors (6144K)
 Metaspace       used 56514K, committed 57024K, reserved 1114112K
  class space    used 7750K, committed 8000K, reserved 1048576K
}
Event: 9.750 GC heap before
{Heap before GC invocations=17 (full 0):
 garbage-first heap   total 98304K, used 78040K [0x0000000083a00000, 0x0000000100000000)
  region size 1024K, 36 young (36864K), 6 survivors (6144K)
 Metaspace       used 56598K, committed 57088K, reserved 1114112K
  class space    used 7762K, committed 8000K, reserved 1048576K
}
Event: 9.757 GC heap after
{Heap after GC invocations=18 (full 0):
 garbage-first heap   total 98304K, used 54115K [0x0000000083a00000, 0x0000000100000000)
  region size 1024K, 5 young (5120K), 5 survivors (5120K)
 Metaspace       used 56598K, committed 57088K, reserved 1114112K
  class space    used 7762K, committed 8000K, reserved 1048576K
}
Event: 9.802 GC heap before
{Heap before GC invocations=18 (full 0):
 garbage-first heap   total 98304K, used 76643K [0x0000000083a00000, 0x0000000100000000)
  region size 1024K, 27 young (27648K), 5 survivors (5120K)
 Metaspace       used 56598K, committed 57088K, reserved 1114112K
  class space    used 7762K, committed 8000K, reserved 1048576K
}
Event: 9.807 GC heap after
{Heap after GC invocations=19 (full 0):
 garbage-first heap   total 98304K, used 58675K [0x0000000083a00000, 0x0000000100000000)
  region size 1024K, 4 young (4096K), 4 survivors (4096K)
 Metaspace       used 56598K, committed 57088K, reserved 1114112K
  class space    used 7762K, committed 8000K, reserved 1048576K
}
Event: 9.844 GC heap before
{Heap before GC invocations=19 (full 0):
 garbage-first heap   total 98304K, used 76083K [0x0000000083a00000, 0x0000000100000000)
  region size 1024K, 22 young (22528K), 4 survivors (4096K)
 Metaspace       used 56598K, committed 57088K, reserved 1114112K
  class space    used 7762K, committed 8000K, reserved 1048576K
}
Event: 9.849 GC heap after
{Heap after GC invocations=20 (full 0):
 garbage-first heap   total 167936K, used 64832K [0x0000000083a00000, 0x0000000100000000)
  region size 1024K, 3 young (3072K), 3 survivors (3072K)
 Metaspace       used 56598K, committed 57088K, reserved 1114112K
  class space    used 7762K, committed 8000K, reserved 1048576K
}
Event: 9.965 GC heap before
{Heap before GC invocations=21 (full 0):
 garbage-first heap   total 167936K, used 118080K [0x0000000083a00000, 0x0000000100000000)
  region size 1024K, 53 young (54272K), 3 survivors (3072K)
 Metaspace       used 56598K, committed 57088K, reserved 1114112K
  class space    used 7762K, committed 8000K, reserved 1048576K
}
Event: 9.971 GC heap after
{Heap after GC invocations=22 (full 0):
 garbage-first heap   total 167936K, used 75392K [0x0000000083a00000, 0x0000000100000000)
  region size 1024K, 7 young (7168K), 7 survivors (7168K)
 Metaspace       used 56598K, committed 57088K, reserved 1114112K
  class space    used 7762K, committed 8000K, reserved 1048576K
}
Event: 9.973 GC heap before
{Heap before GC invocations=22 (full 0):
 garbage-first heap   total 167936K, used 76416K [0x0000000083a00000, 0x0000000100000000)
  region size 1024K, 8 young (8192K), 7 survivors (7168K)
 Metaspace       used 56598K, committed 57088K, reserved 1114112K
  class space    used 7762K, committed 8000K, reserved 1048576K
}
Event: 9.976 GC heap after
{Heap after GC invocations=23 (full 0):
 garbage-first heap   total 167936K, used 75135K [0x0000000083a00000, 0x0000000100000000)
  region size 1024K, 1 young (1024K), 1 survivors (1024K)
 Metaspace       used 56598K, committed 57088K, reserved 1114112K
  class space    used 7762K, committed 8000K, reserved 1048576K
}
Event: 10.049 GC heap before
{Heap before GC invocations=23 (full 0):
 garbage-first heap   total 167936K, used 110975K [0x0000000083a00000, 0x0000000100000000)
  region size 1024K, 37 young (37888K), 1 survivors (1024K)
 Metaspace       used 56606K, committed 57088K, reserved 1114112K
  class space    used 7764K, committed 8000K, reserved 1048576K
}
Event: 10.054 GC heap after
{Heap after GC invocations=24 (full 0):
 garbage-first heap   total 167936K, used 84136K [0x0000000083a00000, 0x0000000100000000)
  region size 1024K, 6 young (6144K), 6 survivors (6144K)
 Metaspace       used 56606K, committed 57088K, reserved 1114112K
  class space    used 7764K, committed 8000K, reserved 1048576K
}
Event: 10.155 GC heap before
{Heap before GC invocations=25 (full 0):
 garbage-first heap   total 167936K, used 115880K [0x0000000083a00000, 0x0000000100000000)
  region size 1024K, 45 young (46080K), 6 survivors (6144K)
 Metaspace       used 56606K, committed 57088K, reserved 1114112K
  class space    used 7764K, committed 8000K, reserved 1048576K
}
Event: 10.162 GC heap after
{Heap after GC invocations=26 (full 0):
 garbage-first heap   total 167936K, used 83468K [0x0000000083a00000, 0x0000000100000000)
  region size 1024K, 6 young (6144K), 6 survivors (6144K)
 Metaspace       used 56606K, committed 57088K, reserved 1114112K
  class space    used 7764K, committed 8000K, reserved 1048576K
}
Event: 10.164 GC heap before
{Heap before GC invocations=26 (full 0):
 garbage-first heap   total 167936K, used 85516K [0x0000000083a00000, 0x0000000100000000)
  region size 1024K, 8 young (8192K), 6 survivors (6144K)
 Metaspace       used 56606K, committed 57088K, reserved 1114112K
  class space    used 7764K, committed 8000K, reserved 1048576K
}
Event: 10.168 GC heap after
{Heap after GC invocations=27 (full 0):
 garbage-first heap   total 167936K, used 68453K [0x0000000083a00000, 0x0000000100000000)
  region size 1024K, 1 young (1024K), 1 survivors (1024K)
 Metaspace       used 56606K, committed 57088K, reserved 1114112K
  class space    used 7764K, committed 8000K, reserved 1048576K
}
Event: 10.179 GC heap before
{Heap before GC invocations=27 (full 0):
 garbage-first heap   total 167936K, used 75621K [0x0000000083a00000, 0x0000000100000000)
  region size 1024K, 8 young (8192K), 1 survivors (1024K)
 Metaspace       used 56606K, committed 57088K, reserved 1114112K
  class space    used 7764K, committed 8000K, reserved 1048576K
}

